<?xml version="1.0" encoding="UTF-8"?>
<!-- Generated by org.testng.reporters.JUnitReportReporter -->
<testsuite skipped="2" hostname="DESKTOP-B2220QC" name="pack123.TestClass" tests="4" failures="2" timestamp="2022-03-01T08:50:38 IST" time="37.298" errors="0">
  <testcase name="verifyUserTab" time="14.048" classname="pack123.TestClass">
    <failure type="java.lang.AssertionError" message="The following asserts failed:
	User Tab URL is wrong expected [http://desktop-b2220qc/administration/] but found [http://desktop-b2220qc/administration/userlist.do],
	User Tab Title is wrong expected [actiTIME - ] but found [actiTIME - User List]">
      <![CDATA[java.lang.AssertionError: The following asserts failed:
User Tab URL is wrong expected [http://desktop-b2220qc/administration/] but found [http://desktop-b2220qc/administration/userlist.do],
User Tab Title is wrong expected [actiTIME - ] but found [actiTIME - User List]
at org.testng.asserts.SoftAssert.assertAll(SoftAssert.java:47)
at org.testng.asserts.SoftAssert.assertAll(SoftAssert.java:31)
at pack123.TestClass.verifyUserTab(TestClass.java:82)
at sun.reflect.NativeMethodAccessorImpl.invoke0(Native Method)
at sun.reflect.NativeMethodAccessorImpl.invoke(Unknown Source)
at sun.reflect.DelegatingMethodAccessorImpl.invoke(Unknown Source)
at java.lang.reflect.Method.invoke(Unknown Source)
at org.testng.internal.MethodInvocationHelper.invokeMethod(MethodInvocationHelper.java:132)
at org.testng.internal.TestInvoker.invokeMethod(TestInvoker.java:599)
at org.testng.internal.TestInvoker.invokeTestMethod(TestInvoker.java:174)
at org.testng.internal.MethodRunner.runInSequence(MethodRunner.java:46)
at org.testng.internal.TestInvoker$MethodInvocationAgent.invoke(TestInvoker.java:822)
at org.testng.internal.TestInvoker.invokeTestMethods(TestInvoker.java:147)
at org.testng.internal.TestMethodWorker.invokeTestMethods(TestMethodWorker.java:146)
at org.testng.internal.TestMethodWorker.run(TestMethodWorker.java:128)
at java.util.ArrayList.forEach(Unknown Source)
at org.testng.TestRunner.privateRun(TestRunner.java:764)
at org.testng.TestRunner.run(TestRunner.java:585)
at org.testng.SuiteRunner.runTest(SuiteRunner.java:384)
at org.testng.SuiteRunner.access$000(SuiteRunner.java:28)
at org.testng.SuiteRunner$SuiteWorker.run(SuiteRunner.java:425)
at org.testng.internal.thread.ThreadUtil.lambda$execute$0(ThreadUtil.java:66)
at java.util.concurrent.FutureTask.run(Unknown Source)
at java.util.concurrent.ThreadPoolExecutor.runWorker(Unknown Source)
at java.util.concurrent.ThreadPoolExecutor$Worker.run(Unknown Source)
at java.lang.Thread.run(Unknown Source)
]]>
    </failure>
  </testcase> <!-- verifyUserTab -->
  <system-out/>
  <testcase name="verifyUserTab" time="23.250" classname="pack123.TestClass">
    <failure type="java.lang.AssertionError" message="The following asserts failed:
	User Tab URL is wrong expected [http://desktop-b2220qc/administration/] but found [http://desktop-b2220qc/administration/userlist.do],
	User Tab Title is wrong expected [actiTIME - ] but found [actiTIME - User List]">
      <![CDATA[java.lang.AssertionError: The following asserts failed:
User Tab URL is wrong expected [http://desktop-b2220qc/administration/] but found [http://desktop-b2220qc/administration/userlist.do],
User Tab Title is wrong expected [actiTIME - ] but found [actiTIME - User List]
at org.testng.asserts.SoftAssert.assertAll(SoftAssert.java:47)
at org.testng.asserts.SoftAssert.assertAll(SoftAssert.java:31)
at pack123.TestClass.verifyUserTab(TestClass.java:82)
at sun.reflect.NativeMethodAccessorImpl.invoke0(Native Method)
at sun.reflect.NativeMethodAccessorImpl.invoke(Unknown Source)
at sun.reflect.DelegatingMethodAccessorImpl.invoke(Unknown Source)
at java.lang.reflect.Method.invoke(Unknown Source)
at org.testng.internal.MethodInvocationHelper.invokeMethod(MethodInvocationHelper.java:132)
at org.testng.internal.TestInvoker.invokeMethod(TestInvoker.java:599)
at org.testng.internal.TestInvoker.invokeTestMethod(TestInvoker.java:174)
at org.testng.internal.MethodRunner.runInSequence(MethodRunner.java:46)
at org.testng.internal.TestInvoker$MethodInvocationAgent.invoke(TestInvoker.java:822)
at org.testng.internal.TestInvoker.invokeTestMethods(TestInvoker.java:147)
at org.testng.internal.TestMethodWorker.invokeTestMethods(TestMethodWorker.java:146)
at org.testng.internal.TestMethodWorker.run(TestMethodWorker.java:128)
at java.util.ArrayList.forEach(Unknown Source)
at org.testng.TestRunner.privateRun(TestRunner.java:764)
at org.testng.TestRunner.run(TestRunner.java:585)
at org.testng.SuiteRunner.runTest(SuiteRunner.java:384)
at org.testng.SuiteRunner.access$000(SuiteRunner.java:28)
at org.testng.SuiteRunner$SuiteWorker.run(SuiteRunner.java:425)
at org.testng.internal.thread.ThreadUtil.lambda$execute$0(ThreadUtil.java:66)
at java.util.concurrent.FutureTask.run(Unknown Source)
at java.util.concurrent.ThreadPoolExecutor.runWorker(Unknown Source)
at java.util.concurrent.ThreadPoolExecutor$Worker.run(Unknown Source)
at java.lang.Thread.run(Unknown Source)
]]>
    </failure>
  </testcase> <!-- verifyUserTab -->
  <system-out/>
  <testcase name="verifyReportButton" classname="pack123.TestClass">
    <skipped/>
  </testcase> <!-- verifyReportButton -->
  <system-out/>
  <testcase name="verifyReportButton" classname="pack123.TestClass">
    <skipped/>
  </testcase> <!-- verifyReportButton -->
  <system-out/>
</testsuite> <!-- pack123.TestClass -->
