<?xml version="1.0" encoding="UTF-8"?>
<testng-results skipped="0" failed="4" ignored="4" total="8" passed="0">
  <reporter-output>
  </reporter-output>
  <suite name="Suite" duration-ms="86098" started-at="2022-03-01T08:49:11 IST" finished-at="2022-03-01T08:50:37 IST">
    <groups>
    </groups>
    <test name="FirefoxTest" duration-ms="78789" started-at="2022-03-01T08:49:11 IST" finished-at="2022-03-01T08:50:30 IST">
      <class name="pack123.TestClass">
        <test-method status="PASS" signature="launchBrowsr(java.lang.String)[pri:0, instance:pack123.TestClass@305fd85d]" name="launchBrowsr" is-config="true" duration-ms="20798" started-at="2022-03-01T08:49:11 IST" finished-at="2022-03-01T08:49:32 IST">
          <params>
            <param index="0">
              <value>
                <![CDATA[Firefox]]>
              </value>
            </param>
          </params>
          <reporter-output>
          </reporter-output>
        </test-method> <!-- launchBrowsr -->
        <test-method status="PASS" signature="creatObjectOdPOMClasses()[pri:0, instance:pack123.TestClass@305fd85d]" name="creatObjectOdPOMClasses" is-config="true" duration-ms="2" started-at="2022-03-01T08:50:02 IST" finished-at="2022-03-01T08:50:02 IST">
          <reporter-output>
          </reporter-output>
        </test-method> <!-- creatObjectOdPOMClasses -->
        <test-method status="PASS" signature="loginToApplication()[pri:0, instance:pack123.TestClass@305fd85d]" name="loginToApplication" is-config="true" duration-ms="9354" started-at="2022-03-01T08:50:02 IST" finished-at="2022-03-01T08:50:12 IST">
          <reporter-output>
          </reporter-output>
        </test-method> <!-- loginToApplication -->
        <test-method status="FAIL" signature="verifyUserTab()[pri:0, instance:pack123.TestClass@305fd85d]" name="verifyUserTab" duration-ms="3045" started-at="2022-03-01T08:50:12 IST" finished-at="2022-03-01T08:50:15 IST">
          <exception class="java.lang.AssertionError">
            <message>
              <![CDATA[The following asserts failed:
User Tab URL is wrong expected [http://desktop-b2220qc/administration/] but found [http://desktop-b2220qc/administration/userlist.do],
User Tab Title is wrong expected [actiTIME - ] but found [actiTIME - User List]]]>
            </message>
            <full-stacktrace>
              <![CDATA[java.lang.AssertionError: The following asserts failed:
User Tab URL is wrong expected [http://desktop-b2220qc/administration/] but found [http://desktop-b2220qc/administration/userlist.do],
User Tab Title is wrong expected [actiTIME - ] but found [actiTIME - User List]
at org.testng.asserts.SoftAssert.assertAll(SoftAssert.java:47)
at org.testng.asserts.SoftAssert.assertAll(SoftAssert.java:31)
at pack123.TestClass.verifyUserTab(TestClass.java:82)
at sun.reflect.NativeMethodAccessorImpl.invoke0(Native Method)
at sun.reflect.NativeMethodAccessorImpl.invoke(Unknown Source)
at sun.reflect.DelegatingMethodAccessorImpl.invoke(Unknown Source)
at java.lang.reflect.Method.invoke(Unknown Source)
at org.testng.internal.MethodInvocationHelper.invokeMethod(MethodInvocationHelper.java:132)
at org.testng.internal.TestInvoker.invokeMethod(TestInvoker.java:599)
at org.testng.internal.TestInvoker.invokeTestMethod(TestInvoker.java:174)
at org.testng.internal.MethodRunner.runInSequence(MethodRunner.java:46)
at org.testng.internal.TestInvoker$MethodInvocationAgent.invoke(TestInvoker.java:822)
at org.testng.internal.TestInvoker.invokeTestMethods(TestInvoker.java:147)
at org.testng.internal.TestMethodWorker.invokeTestMethods(TestMethodWorker.java:146)
at org.testng.internal.TestMethodWorker.run(TestMethodWorker.java:128)
at java.util.ArrayList.forEach(Unknown Source)
at org.testng.TestRunner.privateRun(TestRunner.java:764)
at org.testng.TestRunner.run(TestRunner.java:585)
at org.testng.SuiteRunner.runTest(SuiteRunner.java:384)
at org.testng.SuiteRunner.access$000(SuiteRunner.java:28)
at org.testng.SuiteRunner$SuiteWorker.run(SuiteRunner.java:425)
at org.testng.internal.thread.ThreadUtil.lambda$execute$0(ThreadUtil.java:66)
at java.util.concurrent.FutureTask.run(Unknown Source)
at java.util.concurrent.ThreadPoolExecutor.runWorker(Unknown Source)
at java.util.concurrent.ThreadPoolExecutor$Worker.run(Unknown Source)
at java.lang.Thread.run(Unknown Source)
]]>
            </full-stacktrace>
          </exception> <!-- java.lang.AssertionError -->
          <reporter-output>
          </reporter-output>
        </test-method> <!-- verifyUserTab -->
        <test-method status="PASS" signature="logOut()[pri:0, instance:pack123.TestClass@305fd85d]" name="logOut" is-config="true" duration-ms="1649" started-at="2022-03-01T08:50:15 IST" finished-at="2022-03-01T08:50:17 IST">
          <reporter-output>
          </reporter-output>
        </test-method> <!-- logOut -->
        <test-method status="PASS" signature="clearPOMObject()[pri:0, instance:pack123.TestClass@305fd85d]" name="clearPOMObject" is-config="true" duration-ms="0" started-at="2022-03-01T08:50:17 IST" finished-at="2022-03-01T08:50:17 IST">
          <reporter-output>
          </reporter-output>
        </test-method> <!-- clearPOMObject -->
        <test-method status="PASS" signature="closedBrowser()[pri:0, instance:pack123.TestClass@305fd85d]" name="closedBrowser" is-config="true" duration-ms="8159" started-at="2022-03-01T08:50:17 IST" finished-at="2022-03-01T08:50:25 IST">
          <reporter-output>
          </reporter-output>
        </test-method> <!-- closedBrowser -->
      </class> <!-- pack123.TestClass -->
      <class name="pack123.VerifyApplicationHeader">
        <test-method status="PASS" signature="launchBrowsr(java.lang.String)[pri:0, instance:pack123.VerifyApplicationHeader@1877ab81]" name="launchBrowsr" is-config="true" duration-ms="20309" started-at="2022-03-01T08:49:32 IST" finished-at="2022-03-01T08:49:53 IST">
          <params>
            <param index="0">
              <value>
                <![CDATA[Firefox]]>
              </value>
            </param>
          </params>
          <reporter-output>
          </reporter-output>
        </test-method> <!-- launchBrowsr -->
        <test-method status="PASS" signature="creatObjectOdPOMClasses()[pri:0, instance:pack123.VerifyApplicationHeader@1877ab81]" name="creatObjectOdPOMClasses" is-config="true" duration-ms="10" started-at="2022-03-01T08:49:53 IST" finished-at="2022-03-01T08:49:53 IST">
          <reporter-output>
          </reporter-output>
        </test-method> <!-- creatObjectOdPOMClasses -->
        <test-method status="PASS" signature="loginToApplication()[pri:0, instance:pack123.VerifyApplicationHeader@1877ab81]" name="loginToApplication" is-config="true" duration-ms="8359" started-at="2022-03-01T08:49:53 IST" finished-at="2022-03-01T08:50:01 IST">
          <reporter-output>
          </reporter-output>
        </test-method> <!-- loginToApplication -->
        <test-method status="FAIL" signature="verifyUserTab()[pri:0, instance:pack123.VerifyApplicationHeader@1877ab81]" name="verifyUserTab" duration-ms="1133" started-at="2022-03-01T08:50:01 IST" finished-at="2022-03-01T08:50:02 IST">
          <exception class="java.lang.AssertionError">
            <message>
              <![CDATA[The following asserts failed:
User Tab URL is wrong expected [http://desktop-b2220qc/administration/] but found [http://desktop-b2220qc/administration/userlist.do],
User Tab Title is wrong expected [actiTIME - ] but found [actiTIME - User List]]]>
            </message>
            <full-stacktrace>
              <![CDATA[java.lang.AssertionError: The following asserts failed:
User Tab URL is wrong expected [http://desktop-b2220qc/administration/] but found [http://desktop-b2220qc/administration/userlist.do],
User Tab Title is wrong expected [actiTIME - ] but found [actiTIME - User List]
at org.testng.asserts.SoftAssert.assertAll(SoftAssert.java:47)
at org.testng.asserts.SoftAssert.assertAll(SoftAssert.java:31)
at pack123.VerifyApplicationHeader.verifyUserTab(VerifyApplicationHeader.java:83)
at sun.reflect.NativeMethodAccessorImpl.invoke0(Native Method)
at sun.reflect.NativeMethodAccessorImpl.invoke(Unknown Source)
at sun.reflect.DelegatingMethodAccessorImpl.invoke(Unknown Source)
at java.lang.reflect.Method.invoke(Unknown Source)
at org.testng.internal.MethodInvocationHelper.invokeMethod(MethodInvocationHelper.java:132)
at org.testng.internal.TestInvoker.invokeMethod(TestInvoker.java:599)
at org.testng.internal.TestInvoker.invokeTestMethod(TestInvoker.java:174)
at org.testng.internal.MethodRunner.runInSequence(MethodRunner.java:46)
at org.testng.internal.TestInvoker$MethodInvocationAgent.invoke(TestInvoker.java:822)
at org.testng.internal.TestInvoker.invokeTestMethods(TestInvoker.java:147)
at org.testng.internal.TestMethodWorker.invokeTestMethods(TestMethodWorker.java:146)
at org.testng.internal.TestMethodWorker.run(TestMethodWorker.java:128)
at java.util.ArrayList.forEach(Unknown Source)
at org.testng.TestRunner.privateRun(TestRunner.java:764)
at org.testng.TestRunner.run(TestRunner.java:585)
at org.testng.SuiteRunner.runTest(SuiteRunner.java:384)
at org.testng.SuiteRunner.access$000(SuiteRunner.java:28)
at org.testng.SuiteRunner$SuiteWorker.run(SuiteRunner.java:425)
at org.testng.internal.thread.ThreadUtil.lambda$execute$0(ThreadUtil.java:66)
at java.util.concurrent.FutureTask.run(Unknown Source)
at java.util.concurrent.ThreadPoolExecutor.runWorker(Unknown Source)
at java.util.concurrent.ThreadPoolExecutor$Worker.run(Unknown Source)
at java.lang.Thread.run(Unknown Source)
]]>
            </full-stacktrace>
          </exception> <!-- java.lang.AssertionError -->
          <reporter-output>
          </reporter-output>
        </test-method> <!-- verifyUserTab -->
        <test-method status="PASS" signature="logOut()[pri:0, instance:pack123.VerifyApplicationHeader@1877ab81]" name="logOut" is-config="true" duration-ms="464" started-at="2022-03-01T08:50:02 IST" finished-at="2022-03-01T08:50:02 IST">
          <reporter-output>
          </reporter-output>
        </test-method> <!-- logOut -->
        <test-method status="PASS" signature="clearPOMObject()[pri:0, instance:pack123.VerifyApplicationHeader@1877ab81]" name="clearPOMObject" is-config="true" duration-ms="0" started-at="2022-03-01T08:50:02 IST" finished-at="2022-03-01T08:50:02 IST">
          <reporter-output>
          </reporter-output>
        </test-method> <!-- clearPOMObject -->
        <test-method status="PASS" signature="closedBrowser()[pri:0, instance:pack123.VerifyApplicationHeader@1877ab81]" name="closedBrowser" is-config="true" duration-ms="5466" started-at="2022-03-01T08:50:25 IST" finished-at="2022-03-01T08:50:30 IST">
          <reporter-output>
          </reporter-output>
        </test-method> <!-- closedBrowser -->
      </class> <!-- pack123.VerifyApplicationHeader -->
    </test> <!-- FirefoxTest -->
    <test name="ChromeTest" duration-ms="86098" started-at="2022-03-01T08:49:11 IST" finished-at="2022-03-01T08:50:37 IST">
      <class name="pack123.TestClass">
        <test-method status="PASS" signature="launchBrowsr(java.lang.String)[pri:0, instance:pack123.TestClass@d44fc21]" name="launchBrowsr" is-config="true" duration-ms="6725" started-at="2022-03-01T08:49:11 IST" finished-at="2022-03-01T08:49:18 IST">
          <params>
            <param index="0">
              <value>
                <![CDATA[Chrome]]>
              </value>
            </param>
          </params>
          <reporter-output>
          </reporter-output>
        </test-method> <!-- launchBrowsr -->
        <test-method status="PASS" signature="creatObjectOdPOMClasses()[pri:0, instance:pack123.TestClass@d44fc21]" name="creatObjectOdPOMClasses" is-config="true" duration-ms="2" started-at="2022-03-01T08:50:00 IST" finished-at="2022-03-01T08:50:00 IST">
          <reporter-output>
          </reporter-output>
        </test-method> <!-- creatObjectOdPOMClasses -->
        <test-method status="PASS" signature="loginToApplication()[pri:0, instance:pack123.TestClass@d44fc21]" name="loginToApplication" is-config="true" duration-ms="6665" started-at="2022-03-01T08:50:00 IST" finished-at="2022-03-01T08:50:06 IST">
          <reporter-output>
          </reporter-output>
        </test-method> <!-- loginToApplication -->
        <test-method status="FAIL" signature="verifyUserTab()[pri:0, instance:pack123.TestClass@d44fc21]" name="verifyUserTab" duration-ms="15940" started-at="2022-03-01T08:50:06 IST" finished-at="2022-03-01T08:50:22 IST">
          <exception class="java.lang.AssertionError">
            <message>
              <![CDATA[The following asserts failed:
User Tab URL is wrong expected [http://desktop-b2220qc/administration/] but found [http://desktop-b2220qc/administration/userlist.do],
User Tab Title is wrong expected [actiTIME - ] but found [actiTIME - User List]]]>
            </message>
            <full-stacktrace>
              <![CDATA[java.lang.AssertionError: The following asserts failed:
User Tab URL is wrong expected [http://desktop-b2220qc/administration/] but found [http://desktop-b2220qc/administration/userlist.do],
User Tab Title is wrong expected [actiTIME - ] but found [actiTIME - User List]
at org.testng.asserts.SoftAssert.assertAll(SoftAssert.java:47)
at org.testng.asserts.SoftAssert.assertAll(SoftAssert.java:31)
at pack123.TestClass.verifyUserTab(TestClass.java:82)
at sun.reflect.NativeMethodAccessorImpl.invoke0(Native Method)
at sun.reflect.NativeMethodAccessorImpl.invoke(Unknown Source)
at sun.reflect.DelegatingMethodAccessorImpl.invoke(Unknown Source)
at java.lang.reflect.Method.invoke(Unknown Source)
at org.testng.internal.MethodInvocationHelper.invokeMethod(MethodInvocationHelper.java:132)
at org.testng.internal.TestInvoker.invokeMethod(TestInvoker.java:599)
at org.testng.internal.TestInvoker.invokeTestMethod(TestInvoker.java:174)
at org.testng.internal.MethodRunner.runInSequence(MethodRunner.java:46)
at org.testng.internal.TestInvoker$MethodInvocationAgent.invoke(TestInvoker.java:822)
at org.testng.internal.TestInvoker.invokeTestMethods(TestInvoker.java:147)
at org.testng.internal.TestMethodWorker.invokeTestMethods(TestMethodWorker.java:146)
at org.testng.internal.TestMethodWorker.run(TestMethodWorker.java:128)
at java.util.ArrayList.forEach(Unknown Source)
at org.testng.TestRunner.privateRun(TestRunner.java:764)
at org.testng.TestRunner.run(TestRunner.java:585)
at org.testng.SuiteRunner.runTest(SuiteRunner.java:384)
at org.testng.SuiteRunner.access$000(SuiteRunner.java:28)
at org.testng.SuiteRunner$SuiteWorker.run(SuiteRunner.java:425)
at org.testng.internal.thread.ThreadUtil.lambda$execute$0(ThreadUtil.java:66)
at java.util.concurrent.FutureTask.run(Unknown Source)
at java.util.concurrent.ThreadPoolExecutor.runWorker(Unknown Source)
at java.util.concurrent.ThreadPoolExecutor$Worker.run(Unknown Source)
at java.lang.Thread.run(Unknown Source)
]]>
            </full-stacktrace>
          </exception> <!-- java.lang.AssertionError -->
          <reporter-output>
          </reporter-output>
        </test-method> <!-- verifyUserTab -->
        <test-method status="PASS" signature="logOut()[pri:0, instance:pack123.TestClass@d44fc21]" name="logOut" is-config="true" duration-ms="645" started-at="2022-03-01T08:50:22 IST" finished-at="2022-03-01T08:50:23 IST">
          <reporter-output>
          </reporter-output>
        </test-method> <!-- logOut -->
        <test-method status="PASS" signature="clearPOMObject()[pri:0, instance:pack123.TestClass@d44fc21]" name="clearPOMObject" is-config="true" duration-ms="0" started-at="2022-03-01T08:50:23 IST" finished-at="2022-03-01T08:50:23 IST">
          <reporter-output>
          </reporter-output>
        </test-method> <!-- clearPOMObject -->
        <test-method status="PASS" signature="closedBrowser()[pri:0, instance:pack123.TestClass@d44fc21]" name="closedBrowser" is-config="true" duration-ms="13287" started-at="2022-03-01T08:50:23 IST" finished-at="2022-03-01T08:50:36 IST">
          <reporter-output>
          </reporter-output>
        </test-method> <!-- closedBrowser -->
      </class> <!-- pack123.TestClass -->
      <class name="pack123.VerifyApplicationHeader">
        <test-method status="PASS" signature="launchBrowsr(java.lang.String)[pri:0, instance:pack123.VerifyApplicationHeader@51cdd8a]" name="launchBrowsr" is-config="true" duration-ms="5038" started-at="2022-03-01T08:49:18 IST" finished-at="2022-03-01T08:49:23 IST">
          <params>
            <param index="0">
              <value>
                <![CDATA[Chrome]]>
              </value>
            </param>
          </params>
          <reporter-output>
          </reporter-output>
        </test-method> <!-- launchBrowsr -->
        <test-method status="PASS" signature="creatObjectOdPOMClasses()[pri:0, instance:pack123.VerifyApplicationHeader@51cdd8a]" name="creatObjectOdPOMClasses" is-config="true" duration-ms="526" started-at="2022-03-01T08:49:23 IST" finished-at="2022-03-01T08:49:24 IST">
          <reporter-output>
          </reporter-output>
        </test-method> <!-- creatObjectOdPOMClasses -->
        <test-method status="PASS" signature="loginToApplication()[pri:0, instance:pack123.VerifyApplicationHeader@51cdd8a]" name="loginToApplication" is-config="true" duration-ms="13072" started-at="2022-03-01T08:49:24 IST" finished-at="2022-03-01T08:49:37 IST">
          <reporter-output>
          </reporter-output>
        </test-method> <!-- loginToApplication -->
        <test-method status="FAIL" signature="verifyUserTab()[pri:0, instance:pack123.VerifyApplicationHeader@51cdd8a]" name="verifyUserTab" duration-ms="22359" started-at="2022-03-01T08:49:37 IST" finished-at="2022-03-01T08:49:59 IST">
          <exception class="java.lang.AssertionError">
            <message>
              <![CDATA[The following asserts failed:
User Tab URL is wrong expected [http://desktop-b2220qc/administration/] but found [http://desktop-b2220qc/administration/userlist.do],
User Tab Title is wrong expected [actiTIME - ] but found [actiTIME - User List]]]>
            </message>
            <full-stacktrace>
              <![CDATA[java.lang.AssertionError: The following asserts failed:
User Tab URL is wrong expected [http://desktop-b2220qc/administration/] but found [http://desktop-b2220qc/administration/userlist.do],
User Tab Title is wrong expected [actiTIME - ] but found [actiTIME - User List]
at org.testng.asserts.SoftAssert.assertAll(SoftAssert.java:47)
at org.testng.asserts.SoftAssert.assertAll(SoftAssert.java:31)
at pack123.VerifyApplicationHeader.verifyUserTab(VerifyApplicationHeader.java:83)
at sun.reflect.NativeMethodAccessorImpl.invoke0(Native Method)
at sun.reflect.NativeMethodAccessorImpl.invoke(Unknown Source)
at sun.reflect.DelegatingMethodAccessorImpl.invoke(Unknown Source)
at java.lang.reflect.Method.invoke(Unknown Source)
at org.testng.internal.MethodInvocationHelper.invokeMethod(MethodInvocationHelper.java:132)
at org.testng.internal.TestInvoker.invokeMethod(TestInvoker.java:599)
at org.testng.internal.TestInvoker.invokeTestMethod(TestInvoker.java:174)
at org.testng.internal.MethodRunner.runInSequence(MethodRunner.java:46)
at org.testng.internal.TestInvoker$MethodInvocationAgent.invoke(TestInvoker.java:822)
at org.testng.internal.TestInvoker.invokeTestMethods(TestInvoker.java:147)
at org.testng.internal.TestMethodWorker.invokeTestMethods(TestMethodWorker.java:146)
at org.testng.internal.TestMethodWorker.run(TestMethodWorker.java:128)
at java.util.ArrayList.forEach(Unknown Source)
at org.testng.TestRunner.privateRun(TestRunner.java:764)
at org.testng.TestRunner.run(TestRunner.java:585)
at org.testng.SuiteRunner.runTest(SuiteRunner.java:384)
at org.testng.SuiteRunner.access$000(SuiteRunner.java:28)
at org.testng.SuiteRunner$SuiteWorker.run(SuiteRunner.java:425)
at org.testng.internal.thread.ThreadUtil.lambda$execute$0(ThreadUtil.java:66)
at java.util.concurrent.FutureTask.run(Unknown Source)
at java.util.concurrent.ThreadPoolExecutor.runWorker(Unknown Source)
at java.util.concurrent.ThreadPoolExecutor$Worker.run(Unknown Source)
at java.lang.Thread.run(Unknown Source)
]]>
            </full-stacktrace>
          </exception> <!-- java.lang.AssertionError -->
          <reporter-output>
          </reporter-output>
        </test-method> <!-- verifyUserTab -->
        <test-method status="PASS" signature="logOut()[pri:0, instance:pack123.VerifyApplicationHeader@51cdd8a]" name="logOut" is-config="true" duration-ms="392" started-at="2022-03-01T08:49:59 IST" finished-at="2022-03-01T08:50:00 IST">
          <reporter-output>
          </reporter-output>
        </test-method> <!-- logOut -->
        <test-method status="PASS" signature="clearPOMObject()[pri:0, instance:pack123.VerifyApplicationHeader@51cdd8a]" name="clearPOMObject" is-config="true" duration-ms="0" started-at="2022-03-01T08:50:00 IST" finished-at="2022-03-01T08:50:00 IST">
          <reporter-output>
          </reporter-output>
        </test-method> <!-- clearPOMObject -->
        <test-method status="PASS" signature="closedBrowser()[pri:0, instance:pack123.VerifyApplicationHeader@51cdd8a]" name="closedBrowser" is-config="true" duration-ms="1300" started-at="2022-03-01T08:50:36 IST" finished-at="2022-03-01T08:50:37 IST">
          <reporter-output>
          </reporter-output>
        </test-method> <!-- closedBrowser -->
      </class> <!-- pack123.VerifyApplicationHeader -->
    </test> <!-- ChromeTest -->
  </suite> <!-- Suite -->
</testng-results>
