<?xml version="1.0" encoding="UTF-8"?>
<!-- Generated by org.testng.reporters.JUnitXMLReporter -->
<testsuite hostname="DESKTOP-B2220QC" ignored="2" name="ChromeTest" tests="2" failures="2" timestamp="2022-03-01T08:50:37 IST" time="86.098" errors="0">
  <testcase name="verifyUserTab" time="22.359" classname="pack123.VerifyApplicationHeader">
    <failure type="java.lang.AssertionError" message="The following asserts failed:
	User Tab URL is wrong expected [http://desktop-b2220qc/administration/] but found [http://desktop-b2220qc/administration/userlist.do],
	User Tab Title is wrong expected [actiTIME - ] but found [actiTIME - User List]">
      <![CDATA[java.lang.AssertionError: The following asserts failed:
User Tab URL is wrong expected [http://desktop-b2220qc/administration/] but found [http://desktop-b2220qc/administration/userlist.do],
User Tab Title is wrong expected [actiTIME - ] but found [actiTIME - User List]
at pack123.VerifyApplicationHeader.verifyUserTab(VerifyApplicationHeader.java:83)
at java.util.ArrayList.forEach(Unknown Source)
at java.util.concurrent.FutureTask.run(Unknown Source)
at java.util.concurrent.ThreadPoolExecutor.runWorker(Unknown Source)
at java.util.concurrent.ThreadPoolExecutor$Worker.run(Unknown Source)
at java.lang.Thread.run(Unknown Source)
... Removed 20 stack frames]]>
    </failure>
  </testcase> <!-- verifyUserTab -->
  <testcase name="verifyUserTab" time="15.94" classname="pack123.TestClass">
    <failure type="java.lang.AssertionError" message="The following asserts failed:
	User Tab URL is wrong expected [http://desktop-b2220qc/administration/] but found [http://desktop-b2220qc/administration/userlist.do],
	User Tab Title is wrong expected [actiTIME - ] but found [actiTIME - User List]">
      <![CDATA[java.lang.AssertionError: The following asserts failed:
User Tab URL is wrong expected [http://desktop-b2220qc/administration/] but found [http://desktop-b2220qc/administration/userlist.do],
User Tab Title is wrong expected [actiTIME - ] but found [actiTIME - User List]
at pack123.TestClass.verifyUserTab(TestClass.java:82)
at java.util.ArrayList.forEach(Unknown Source)
at java.util.concurrent.FutureTask.run(Unknown Source)
at java.util.concurrent.ThreadPoolExecutor.runWorker(Unknown Source)
at java.util.concurrent.ThreadPoolExecutor$Worker.run(Unknown Source)
at java.lang.Thread.run(Unknown Source)
... Removed 20 stack frames]]>
    </failure>
  </testcase> <!-- verifyUserTab -->
  <testcase name="verifyReportButton" time="0.0" classname="pack123.VerifyApplicationHeader">
    <ignored/>
  </testcase> <!-- verifyReportButton -->
  <testcase name="verifyReportButton" time="0.0" classname="pack123.TestClass">
    <ignored/>
  </testcase> <!-- verifyReportButton -->
</testsuite> <!-- ChromeTest -->
