<?xml version="1.0" encoding="UTF-8"?>
<!-- Generated by org.testng.reporters.JUnitXMLReporter -->
<testsuite hostname="DESKTOP-B2220QC" ignored="1" name="OperaTest" tests="1" failures="0" timestamp="2022-02-28T09:07:19 IST" time="0.143" errors="0">
  <testcase name="@BeforeTest launchBrowsr" time="0.055" classname="pack123.VerifyApplicationHeader">
    <failure type="java.lang.IllegalStateException" message="The driver executable does not exist: C:\Users\Akash\eclipse-workspace\July 2021\New2021\ActiTime-Nov2021\operadriver.exe">
      <![CDATA[java.lang.IllegalStateException: The driver executable does not exist: C:\Users\Akash\eclipse-workspace\July 2021\New2021\ActiTime-Nov2021\operadriver.exe
at com.google.common.base.Preconditions.checkState(Preconditions.java:585)
at org.openqa.selenium.remote.service.DriverService.checkExecutable(DriverService.java:146)
at org.openqa.selenium.remote.service.DriverService.findExecutable(DriverService.java:141)
at org.openqa.selenium.opera.OperaDriverService.access$000(OperaDriverService.java:35)
at org.openqa.selenium.opera.OperaDriverService$Builder.findDefaultExecutable(OperaDriverService.java:141)
at org.openqa.selenium.remote.service.DriverService$Builder.build(DriverService.java:355)
at org.openqa.selenium.opera.OperaDriverService.createDefaultService(OperaDriverService.java:85)
at org.openqa.selenium.opera.OperaDriver.<init>(OperaDriver.java:115)
at pack123.VerifyApplicationHeader.launchBrowsr(VerifyApplicationHeader.java:47)
... Removed 24 stack frames]]>
    </failure>
  </testcase> <!-- @BeforeTest launchBrowsr -->
  <testcase name="@BeforeClass creatObjectOdPOMClasses" time="-1.646019439188E9" classname="pack123.VerifyApplicationHeader">
    <skipped/>
  </testcase> <!-- @BeforeClass creatObjectOdPOMClasses -->
  <testcase name="@BeforeMethod loginToApplication" time="-1.646019439193E9" classname="pack123.VerifyApplicationHeader">
    <skipped/>
  </testcase> <!-- @BeforeMethod loginToApplication -->
  <testcase name="@AfterMethod logOut" time="-1.646019439202E9" classname="pack123.VerifyApplicationHeader">
    <skipped/>
  </testcase> <!-- @AfterMethod logOut -->
  <testcase name="@AfterClass clearPOMObject" time="-1.646019439235E9" classname="pack123.VerifyApplicationHeader">
    <skipped/>
  </testcase> <!-- @AfterClass clearPOMObject -->
  <testcase name="@AfterTest closedBrowser" time="-1.646019439256E9" classname="pack123.VerifyApplicationHeader">
    <skipped/>
  </testcase> <!-- @AfterTest closedBrowser -->
  <testcase name="verifyUserTab" time="0.0" classname="pack123.VerifyApplicationHeader">
    <skipped/>
  </testcase> <!-- verifyUserTab -->
  <testcase name="verifyReportButton" time="0.0" classname="pack123.VerifyApplicationHeader">
    <ignored/>
  </testcase> <!-- verifyReportButton -->
</testsuite> <!-- OperaTest -->
